{"contracts/factory/Factory.sol":{"l":{"18":1,"29":4,"30":4,"32":4,"33":4,"34":4,"36":4,"37":4,"45":4,"46":4,"47":4,"48":4,"50":4},"path":"/Users/kasoqian/Desktop/car/contracts/factory/Factory.sol","s":{"1":1,"2":4,"3":4,"4":4,"5":4,"6":4,"7":4,"8":4},"b":{},"f":{"1":1,"2":4,"3":4},"fnMap":{"1":{"name":"getProjectInfo","line":17,"loc":{"start":{"line":17,"column":4},"end":{"line":19,"column":4}}},"2":{"name":"create","line":21,"loc":{"start":{"line":21,"column":4},"end":{"line":38,"column":4}}},"3":{"name":"_deposit","line":40,"loc":{"start":{"line":40,"column":4},"end":{"line":51,"column":4}}}},"statementMap":{"1":{"start":{"line":18,"column":8},"end":{"line":18,"column":39}},"2":{"start":{"line":29,"column":8},"end":{"line":29,"column":54}},"3":{"start":{"line":30,"column":8},"end":{"line":30,"column":51}},"4":{"start":{"line":32,"column":8},"end":{"line":32,"column":58}},"5":{"start":{"line":33,"column":8},"end":{"line":33,"column":46}},"6":{"start":{"line":34,"column":8},"end":{"line":34,"column":46}},"7":{"start":{"line":37,"column":8},"end":{"line":37,"column":26}},"8":{"start":{"line":50,"column":8},"end":{"line":50,"column":60}}},"branchMap":{}},"contracts/interface/INFT.sol":{"l":{},"path":"/Users/kasoqian/Desktop/car/contracts/interface/INFT.sol","s":{},"b":{},"f":{},"fnMap":{},"statementMap":{},"branchMap":{}},"contracts/interface/ISlot.sol":{"l":{},"path":"/Users/kasoqian/Desktop/car/contracts/interface/ISlot.sol","s":{},"b":{},"f":{},"fnMap":{},"statementMap":{},"branchMap":{}},"contracts/Main.sol":{"l":{"20":4,"21":4,"22":4,"23":4,"24":4,"28":0,"33":0,"38":1,"39":1,"40":0,"41":0,"47":0,"52":0,"57":4},"path":"/Users/kasoqian/Desktop/car/contracts/Main.sol","s":{"1":4,"2":4,"3":4,"4":0,"5":0,"6":1,"7":1,"8":0,"9":0,"10":0,"11":0,"12":0,"13":4},"b":{"1":[4,0],"2":[0,0],"3":[0,0]},"f":{"1":4,"2":0,"3":0,"4":1,"5":0,"6":0,"7":4},"fnMap":{"1":{"name":"init","line":14,"loc":{"start":{"line":14,"column":4},"end":{"line":25,"column":4}}},"2":{"name":"mintValue","line":27,"loc":{"start":{"line":27,"column":4},"end":{"line":29,"column":4}}},"3":{"name":"_checkTokenStateOfOwner","line":31,"loc":{"start":{"line":31,"column":4},"end":{"line":34,"column":4}}},"4":{"name":"_checkState","line":37,"loc":{"start":{"line":37,"column":4},"end":{"line":43,"column":4}}},"5":{"name":"_getManager","line":46,"loc":{"start":{"line":46,"column":4},"end":{"line":48,"column":4}}},"6":{"name":"_ownerOf","line":51,"loc":{"start":{"line":51,"column":4},"end":{"line":53,"column":4}}},"7":{"name":"_after_NFT_init","line":56,"loc":{"start":{"line":56,"column":4},"end":{"line":58,"column":4}}}},"statementMap":{"1":{"start":{"line":20,"column":8},"end":{"line":20,"column":50}},"2":{"start":{"line":21,"column":8},"end":{"line":21,"column":39}},"3":{"start":{"line":24,"column":8},"end":{"line":24,"column":32}},"4":{"start":{"line":28,"column":8},"end":{"line":28,"column":43}},"5":{"start":{"line":33,"column":8},"end":{"line":33,"column":61}},"6":{"start":{"line":38,"column":8},"end":{"line":38,"column":29}},"7":{"start":{"line":39,"column":8},"end":{"line":39,"column":1067}},"8":{"start":{"line":40,"column":12},"end":{"line":40,"column":96}},"9":{"start":{"line":41,"column":12},"end":{"line":41,"column":47}},"10":{"start":{"line":41,"column":39},"end":{"line":41,"column":46}},"11":{"start":{"line":47,"column":8},"end":{"line":47,"column":22}},"12":{"start":{"line":52,"column":8},"end":{"line":52,"column":36}},"13":{"start":{"line":57,"column":8},"end":{"line":57,"column":44}}},"branchMap":{"1":{"line":20,"type":"if","locations":[{"start":{"line":20,"column":8},"end":{"line":20,"column":8}},{"start":{"line":20,"column":8},"end":{"line":20,"column":8}}]},"2":{"line":33,"type":"if","locations":[{"start":{"line":33,"column":49},"end":{"line":33,"column":52}},{"start":{"line":33,"column":56},"end":{"line":33,"column":60}}]},"3":{"line":41,"type":"if","locations":[{"start":{"line":41,"column":12},"end":{"line":41,"column":12}},{"start":{"line":41,"column":12},"end":{"line":41,"column":12}}]}}},"contracts/mock/nft.sol":{"l":{"13":9,"14":9,"15":9,"16":9,"17":9,"18":9,"25":45,"26":45,"27":45,"29":45,"30":45},"path":"/Users/kasoqian/Desktop/car/contracts/mock/nft.sol","s":{"1":9,"2":9,"3":9,"4":9,"5":9,"6":9,"7":45,"8":45,"9":45,"10":45,"11":45},"b":{},"f":{"1":9,"2":45},"fnMap":{"1":{"name":"constructor","line":12,"loc":{"start":{"line":12,"column":4},"end":{"line":19,"column":4}}},"2":{"name":"mint","line":21,"loc":{"start":{"line":21,"column":4},"end":{"line":31,"column":4}}}},"statementMap":{"1":{"start":{"line":13,"column":8},"end":{"line":13,"column":28}},"2":{"start":{"line":14,"column":8},"end":{"line":14,"column":44}},"3":{"start":{"line":15,"column":8},"end":{"line":15,"column":44}},"4":{"start":{"line":16,"column":8},"end":{"line":16,"column":44}},"5":{"start":{"line":17,"column":8},"end":{"line":17,"column":44}},"6":{"start":{"line":18,"column":8},"end":{"line":18,"column":44}},"7":{"start":{"line":25,"column":8},"end":{"line":25,"column":47}},"8":{"start":{"line":26,"column":8},"end":{"line":26,"column":31}},"9":{"start":{"line":27,"column":8},"end":{"line":27,"column":40}},"10":{"start":{"line":29,"column":8},"end":{"line":29,"column":28}},"11":{"start":{"line":30,"column":8},"end":{"line":30,"column":24}}},"branchMap":{}},"contracts/modules/Context.sol":{"l":{"18":11},"path":"/Users/kasoqian/Desktop/car/contracts/modules/Context.sol","s":{"1":11},"b":{},"f":{"1":11},"fnMap":{"1":{"name":"_msgSender","line":17,"loc":{"start":{"line":17,"column":4},"end":{"line":19,"column":4}}}},"statementMap":{"1":{"start":{"line":18,"column":8},"end":{"line":18,"column":25}}},"branchMap":{}},"contracts/modules/Ownable.sol":{"l":{"29":7,"36":2,"37":1,"44":6,"51":2,"62":0,"70":0,"71":0,"79":11,"80":11,"81":11},"path":"/Users/kasoqian/Desktop/car/contracts/modules/Ownable.sol","s":{"1":7,"2":2,"3":6,"4":2,"5":0,"6":0,"7":0,"8":11,"9":11},"b":{"1":[1,1],"2":[0,0],"3":[0,0],"4":[0,0]},"f":{"1":7,"2":2,"3":6,"4":2,"5":0,"6":0,"7":11},"fnMap":{"1":{"name":"constructor","line":28,"loc":{"start":{"line":28,"column":4},"end":{"line":30,"column":4}}},"2":{"name":"onlyOwner","line":35,"loc":{"start":{"line":35,"column":4},"end":{"line":38,"column":4}}},"3":{"name":"owner","line":43,"loc":{"start":{"line":43,"column":4},"end":{"line":45,"column":4}}},"4":{"name":"_checkOwner","line":50,"loc":{"start":{"line":50,"column":4},"end":{"line":52,"column":4}}},"5":{"name":"renounceOwnership","line":61,"loc":{"start":{"line":61,"column":4},"end":{"line":63,"column":4}}},"6":{"name":"transferOwnership","line":69,"loc":{"start":{"line":69,"column":4},"end":{"line":72,"column":4}}},"7":{"name":"_transferOwnership","line":78,"loc":{"start":{"line":78,"column":4},"end":{"line":82,"column":4}}}},"statementMap":{"1":{"start":{"line":29,"column":8},"end":{"line":29,"column":39}},"2":{"start":{"line":36,"column":8},"end":{"line":36,"column":20}},"3":{"start":{"line":44,"column":8},"end":{"line":44,"column":21}},"4":{"start":{"line":51,"column":8},"end":{"line":51,"column":75}},"5":{"start":{"line":62,"column":8},"end":{"line":62,"column":37}},"6":{"start":{"line":70,"column":8},"end":{"line":70,"column":80}},"7":{"start":{"line":71,"column":8},"end":{"line":71,"column":35}},"8":{"start":{"line":79,"column":8},"end":{"line":79,"column":33}},"9":{"start":{"line":81,"column":8},"end":{"line":81,"column":53}}},"branchMap":{"1":{"line":51,"type":"if","locations":[{"start":{"line":51,"column":8},"end":{"line":51,"column":8}},{"start":{"line":51,"column":8},"end":{"line":51,"column":8}}]},"2":{"line":61,"type":"if","locations":[{"start":{"line":61,"column":48},"end":{"line":61,"column":48}},{"start":{"line":61,"column":48},"end":{"line":61,"column":48}}]},"3":{"line":69,"type":"if","locations":[{"start":{"line":69,"column":64},"end":{"line":69,"column":64}},{"start":{"line":69,"column":64},"end":{"line":69,"column":64}}]},"4":{"line":70,"type":"if","locations":[{"start":{"line":70,"column":8},"end":{"line":70,"column":8}},{"start":{"line":70,"column":8},"end":{"line":70,"column":8}}]}}},"contracts/modules/Slot.sol":{"l":{"10":7,"11":7,"16":0,"17":0,"18":0,"19":0,"21":0,"22":0,"24":0,"30":0,"31":0,"32":0,"33":0,"35":0,"37":0,"43":0,"45":0,"46":0,"47":0,"50":0,"52":0,"53":0,"54":0,"57":0,"62":0,"70":0,"71":0},"path":"/Users/kasoqian/Desktop/car/contracts/modules/Slot.sol","s":{"1":7,"2":0,"3":0,"4":0,"5":0,"6":0,"7":0,"8":0,"9":0,"10":0,"11":0,"12":0,"13":0,"14":0,"15":0,"16":0,"17":0,"18":0,"19":0,"20":0,"21":0,"22":0,"23":0},"b":{"1":[0,0],"2":[0,0],"3":[0,0],"4":[0,0],"5":[0,0],"6":[0,0],"7":[0,0]},"f":{"1":7,"2":0,"3":0,"4":0,"5":0,"6":0,"7":0},"fnMap":{"1":{"name":"constructor","line":9,"loc":{"start":{"line":9,"column":4},"end":{"line":12,"column":4}}},"2":{"name":"addWhiteSlots","line":15,"loc":{"start":{"line":15,"column":4},"end":{"line":26,"column":4}}},"3":{"name":"removeWhiteSlots","line":29,"loc":{"start":{"line":29,"column":4},"end":{"line":39,"column":4}}},"4":{"name":"queryAllWhiteSlots","line":42,"loc":{"start":{"line":42,"column":4},"end":{"line":58,"column":4}}},"5":{"name":"checkSlotWhite","line":61,"loc":{"start":{"line":61,"column":4},"end":{"line":63,"column":4}}},"6":{"name":"_getManager","line":67,"loc":{"start":{"line":67,"column":4},"end":{"line":67,"column":63}}},"7":{"name":"onlyManagerOnSlot","line":69,"loc":{"start":{"line":69,"column":4},"end":{"line":72,"column":4}}}},"statementMap":{"1":{"start":{"line":11,"column":8},"end":{"line":11,"column":31}},"2":{"start":{"line":16,"column":8},"end":{"line":16,"column":351}},"3":{"start":{"line":17,"column":12},"end":{"line":17,"column":30}},"4":{"start":{"line":18,"column":12},"end":{"line":18,"column":47}},"5":{"start":{"line":19,"column":12},"end":{"line":19,"column":43}},"6":{"start":{"line":21,"column":12},"end":{"line":21,"column":35}},"7":{"start":{"line":24,"column":12},"end":{"line":24,"column":39}},"8":{"start":{"line":30,"column":8},"end":{"line":30,"column":761}},"9":{"start":{"line":31,"column":12},"end":{"line":31,"column":30}},"10":{"start":{"line":32,"column":12},"end":{"line":32,"column":47}},"11":{"start":{"line":33,"column":12},"end":{"line":33,"column":48}},"12":{"start":{"line":37,"column":12},"end":{"line":37,"column":42}},"13":{"start":{"line":43,"column":8},"end":{"line":43,"column":20}},"14":{"start":{"line":45,"column":8},"end":{"line":45,"column":1161}},"15":{"start":{"line":46,"column":12},"end":{"line":46,"column":40}},"16":{"start":{"line":47,"column":12},"end":{"line":47,"column":49}},"17":{"start":{"line":50,"column":8},"end":{"line":50,"column":50}},"18":{"start":{"line":52,"column":8},"end":{"line":52,"column":1375}},"19":{"start":{"line":53,"column":12},"end":{"line":53,"column":40}},"20":{"start":{"line":54,"column":12},"end":{"line":54,"column":71}},"21":{"start":{"line":57,"column":8},"end":{"line":57,"column":21}},"22":{"start":{"line":62,"column":8},"end":{"line":62,"column":41}},"23":{"start":{"line":70,"column":8},"end":{"line":70,"column":62}}},"branchMap":{"1":{"line":15,"type":"if","locations":[{"start":{"line":15,"column":58},"end":{"line":15,"column":58}},{"start":{"line":15,"column":58},"end":{"line":15,"column":58}}]},"2":{"line":19,"type":"if","locations":[{"start":{"line":19,"column":12},"end":{"line":19,"column":12}},{"start":{"line":19,"column":12},"end":{"line":19,"column":12}}]},"3":{"line":29,"type":"if","locations":[{"start":{"line":29,"column":61},"end":{"line":29,"column":61}},{"start":{"line":29,"column":61},"end":{"line":29,"column":61}}]},"4":{"line":33,"type":"if","locations":[{"start":{"line":33,"column":12},"end":{"line":33,"column":12}},{"start":{"line":33,"column":12},"end":{"line":33,"column":12}}]},"5":{"line":47,"type":"if","locations":[{"start":{"line":47,"column":12},"end":{"line":47,"column":12}},{"start":{"line":47,"column":12},"end":{"line":47,"column":12}}]},"6":{"line":54,"type":"if","locations":[{"start":{"line":54,"column":12},"end":{"line":54,"column":12}},{"start":{"line":54,"column":12},"end":{"line":54,"column":12}}]},"7":{"line":70,"type":"if","locations":[{"start":{"line":70,"column":8},"end":{"line":70,"column":8}},{"start":{"line":70,"column":8},"end":{"line":70,"column":8}}]}}},"contracts/modules/Subscription.sol":{"l":{"17":0,"22":0,"23":0,"25":0,"27":0,"29":0,"34":0,"35":0,"36":0,"41":0,"46":0,"55":0,"65":0,"66":0},"path":"/Users/kasoqian/Desktop/car/contracts/modules/Subscription.sol","s":{"1":0,"2":0,"3":0,"4":0,"5":0,"6":0,"7":0,"8":0,"9":0,"10":0},"b":{"1":[0,0],"2":[0,0],"3":[0,0],"4":[0,0],"5":[0,0]},"f":{"1":0,"2":0,"3":0,"4":0,"5":0,"6":0,"7":0,"8":0,"9":0},"fnMap":{"1":{"name":"setSubConfig","line":16,"loc":{"start":{"line":16,"column":4},"end":{"line":18,"column":4}}},"2":{"name":"extendTokenSubscription","line":21,"loc":{"start":{"line":21,"column":4},"end":{"line":30,"column":4}}},"3":{"name":"revokeTokenSubscription","line":33,"loc":{"start":{"line":33,"column":4},"end":{"line":37,"column":4}}},"4":{"name":"hasExpired","line":40,"loc":{"start":{"line":40,"column":4},"end":{"line":42,"column":4}}},"5":{"name":"tokenExpiration","line":45,"loc":{"start":{"line":45,"column":4},"end":{"line":47,"column":4}}},"6":{"name":"_hasExpired","line":54,"loc":{"start":{"line":54,"column":4},"end":{"line":56,"column":4}}},"7":{"name":"_getManager","line":60,"loc":{"start":{"line":60,"column":4},"end":{"line":60,"column":63}}},"8":{"name":"_ownerOf","line":61,"loc":{"start":{"line":61,"column":4},"end":{"line":61,"column":77}}},"9":{"name":"onlyManagerOnSub","line":64,"loc":{"start":{"line":64,"column":4},"end":{"line":67,"column":4}}}},"statementMap":{"1":{"start":{"line":22,"column":8},"end":{"line":22,"column":48}},"2":{"start":{"line":23,"column":8},"end":{"line":23,"column":50}},"3":{"start":{"line":25,"column":8},"end":{"line":25,"column":62}},"4":{"start":{"line":29,"column":8},"end":{"line":29,"column":78}},"5":{"start":{"line":34,"column":8},"end":{"line":34,"column":66}},"6":{"start":{"line":36,"column":8},"end":{"line":36,"column":78}},"7":{"start":{"line":41,"column":8},"end":{"line":41,"column":35}},"8":{"start":{"line":46,"column":8},"end":{"line":46,"column":37}},"9":{"start":{"line":55,"column":8},"end":{"line":55,"column":56}},"10":{"start":{"line":65,"column":8},"end":{"line":65,"column":62}}},"branchMap":{"1":{"line":16,"type":"if","locations":[{"start":{"line":16,"column":64},"end":{"line":16,"column":64}},{"start":{"line":16,"column":64},"end":{"line":16,"column":64}}]},"2":{"line":25,"type":"if","locations":[{"start":{"line":25,"column":8},"end":{"line":25,"column":8}},{"start":{"line":25,"column":8},"end":{"line":25,"column":8}}]},"3":{"line":27,"type":"if","locations":[{"start":{"line":27,"column":38},"end":{"line":27,"column":90}},{"start":{"line":27,"column":94},"end":{"line":27,"column":115}}]},"4":{"line":34,"type":"if","locations":[{"start":{"line":34,"column":8},"end":{"line":34,"column":8}},{"start":{"line":34,"column":8},"end":{"line":34,"column":8}}]},"5":{"line":65,"type":"if","locations":[{"start":{"line":65,"column":8},"end":{"line":65,"column":8}},{"start":{"line":65,"column":8},"end":{"line":65,"column":8}}]}}},"contracts/modules/Vault.sol":{"l":{"27":4,"28":4,"29":4,"30":4,"31":4,"32":4,"37":2,"38":2,"39":2,"40":2,"45":1,"46":1,"47":1,"48":1,"49":1,"54":1,"59":0,"60":0,"70":6,"71":6,"72":6,"73":6,"74":6,"75":6,"76":6,"77":6,"82":1,"94":0,"95":0},"path":"/Users/kasoqian/Desktop/car/contracts/modules/Vault.sol","s":{"1":4,"2":4,"3":4,"4":4,"5":2,"6":2,"7":2,"8":1,"9":1,"10":1,"11":1,"12":1,"13":1,"14":0,"15":0,"16":6,"17":6,"18":0},"b":{"1":[4,0],"2":[4,0],"3":[1,1],"4":[0,0],"5":[0,0]},"f":{"1":4,"2":2,"3":1,"4":1,"5":0,"6":6,"7":1,"8":0,"9":0,"10":0,"11":0},"fnMap":{"1":{"name":"NFT_init","line":26,"loc":{"start":{"line":26,"column":4},"end":{"line":33,"column":4}}},"2":{"name":"deposit","line":36,"loc":{"start":{"line":36,"column":4},"end":{"line":41,"column":4}}},"3":{"name":"unDeposit","line":44,"loc":{"start":{"line":44,"column":4},"end":{"line":50,"column":4}}},"4":{"name":"adminClaim","line":53,"loc":{"start":{"line":53,"column":4},"end":{"line":55,"column":4}}},"5":{"name":"adminClaimERC721","line":58,"loc":{"start":{"line":58,"column":4},"end":{"line":61,"column":4}}},"6":{"name":"_addToken","line":64,"loc":{"start":{"line":64,"column":4},"end":{"line":78,"column":4}}},"7":{"name":"_deleteToken","line":81,"loc":{"start":{"line":81,"column":4},"end":{"line":83,"column":4}}},"8":{"name":"_after_NFT_init","line":85,"loc":{"start":{"line":85,"column":4},"end":{"line":85,"column":49}}},"9":{"name":"_checkState","line":88,"loc":{"start":{"line":88,"column":4},"end":{"line":88,"column":45}}},"10":{"name":"_superAdmin","line":91,"loc":{"start":{"line":91,"column":4},"end":{"line":91,"column":63}}},"11":{"name":"onlySuperAdmin","line":93,"loc":{"start":{"line":93,"column":4},"end":{"line":96,"column":4}}}},"statementMap":{"1":{"start":{"line":27,"column":8},"end":{"line":27,"column":57}},"2":{"start":{"line":28,"column":8},"end":{"line":28,"column":75}},"3":{"start":{"line":29,"column":8},"end":{"line":29,"column":49}},"4":{"start":{"line":31,"column":8},"end":{"line":31,"column":24}},"5":{"start":{"line":37,"column":8},"end":{"line":37,"column":40}},"6":{"start":{"line":38,"column":8},"end":{"line":38,"column":70}},"7":{"start":{"line":40,"column":8},"end":{"line":40,"column":59}},"8":{"start":{"line":45,"column":8},"end":{"line":45,"column":60}},"9":{"start":{"line":46,"column":8},"end":{"line":46,"column":20}},"10":{"start":{"line":47,"column":8},"end":{"line":47,"column":80}},"11":{"start":{"line":48,"column":8},"end":{"line":48,"column":31}},"12":{"start":{"line":49,"column":8},"end":{"line":49,"column":68}},"13":{"start":{"line":54,"column":8},"end":{"line":54,"column":46}},"14":{"start":{"line":59,"column":8},"end":{"line":59,"column":64}},"15":{"start":{"line":60,"column":8},"end":{"line":60,"column":93}},"16":{"start":{"line":70,"column":8},"end":{"line":70,"column":62}},"17":{"start":{"line":77,"column":8},"end":{"line":77,"column":26}},"18":{"start":{"line":94,"column":8},"end":{"line":94,"column":61}}},"branchMap":{"1":{"line":27,"type":"if","locations":[{"start":{"line":27,"column":8},"end":{"line":27,"column":8}},{"start":{"line":27,"column":8},"end":{"line":27,"column":8}}]},"2":{"line":29,"type":"if","locations":[{"start":{"line":29,"column":8},"end":{"line":29,"column":8}},{"start":{"line":29,"column":8},"end":{"line":29,"column":8}}]},"3":{"line":53,"type":"if","locations":[{"start":{"line":53,"column":66},"end":{"line":53,"column":66}},{"start":{"line":53,"column":66},"end":{"line":53,"column":66}}]},"4":{"line":58,"type":"if","locations":[{"start":{"line":58,"column":56},"end":{"line":58,"column":56}},{"start":{"line":58,"column":56},"end":{"line":58,"column":56}}]},"5":{"line":94,"type":"if","locations":[{"start":{"line":94,"column":8},"end":{"line":94,"column":8}},{"start":{"line":94,"column":8},"end":{"line":94,"column":8}}]}}}}