{"contracts/factory/Factory.sol":{"l":{"18":1,"29":2,"30":2,"32":2,"33":2,"34":2,"36":2,"37":2,"45":2,"46":2,"47":2,"48":2,"50":2},"path":"/Users/kasoqian/Desktop/car/contracts/factory/Factory.sol","s":{"1":1,"2":2,"3":2,"4":2,"5":2,"6":2,"7":2,"8":2},"b":{},"f":{"1":1,"2":2,"3":2},"fnMap":{"1":{"name":"getProjectInfo","line":17,"loc":{"start":{"line":17,"column":4},"end":{"line":19,"column":4}}},"2":{"name":"create","line":21,"loc":{"start":{"line":21,"column":4},"end":{"line":38,"column":4}}},"3":{"name":"_deposit","line":40,"loc":{"start":{"line":40,"column":4},"end":{"line":51,"column":4}}}},"statementMap":{"1":{"start":{"line":18,"column":8},"end":{"line":18,"column":39}},"2":{"start":{"line":29,"column":8},"end":{"line":29,"column":54}},"3":{"start":{"line":30,"column":8},"end":{"line":30,"column":51}},"4":{"start":{"line":32,"column":8},"end":{"line":32,"column":58}},"5":{"start":{"line":33,"column":8},"end":{"line":33,"column":46}},"6":{"start":{"line":34,"column":8},"end":{"line":34,"column":46}},"7":{"start":{"line":37,"column":8},"end":{"line":37,"column":26}},"8":{"start":{"line":50,"column":8},"end":{"line":50,"column":60}}},"branchMap":{}},"contracts/interface/INFT.sol":{"l":{},"path":"/Users/kasoqian/Desktop/car/contracts/interface/INFT.sol","s":{},"b":{},"f":{},"fnMap":{},"statementMap":{},"branchMap":{}},"contracts/interface/ISlot.sol":{"l":{},"path":"/Users/kasoqian/Desktop/car/contracts/interface/ISlot.sol","s":{},"b":{},"f":{},"fnMap":{},"statementMap":{},"branchMap":{}},"contracts/Main.sol":{"l":{"22":2,"23":2,"24":2,"25":2,"26":2,"30":0,"34":0,"35":0,"39":0,"40":0,"41":0,"42":0,"43":0,"45":0,"46":0,"53":0,"58":0,"63":2},"path":"/Users/kasoqian/Desktop/car/contracts/Main.sol","s":{"1":2,"2":2,"3":0,"4":0,"5":0,"6":0,"7":0,"8":0,"9":0,"10":0,"11":0,"12":2},"b":{"1":[2,0],"2":[0,0],"3":[0,0],"4":[0,0]},"f":{"1":2,"2":0,"3":0,"4":0,"5":0,"6":0,"7":2},"fnMap":{"1":{"name":"init","line":16,"loc":{"start":{"line":16,"column":4},"end":{"line":27,"column":4}}},"2":{"name":"mintValue","line":29,"loc":{"start":{"line":29,"column":4},"end":{"line":31,"column":4}}},"3":{"name":"_checkTokenStateOfOwner","line":33,"loc":{"start":{"line":33,"column":4},"end":{"line":36,"column":4}}},"4":{"name":"_checkState","line":38,"loc":{"start":{"line":38,"column":4},"end":{"line":49,"column":4}}},"5":{"name":"_getManager","line":52,"loc":{"start":{"line":52,"column":4},"end":{"line":54,"column":4}}},"6":{"name":"_ownerOf","line":57,"loc":{"start":{"line":57,"column":4},"end":{"line":59,"column":4}}},"7":{"name":"_after_NFT_init","line":62,"loc":{"start":{"line":62,"column":4},"end":{"line":64,"column":4}}}},"statementMap":{"1":{"start":{"line":22,"column":8},"end":{"line":22,"column":50}},"2":{"start":{"line":23,"column":8},"end":{"line":23,"column":39}},"3":{"start":{"line":30,"column":8},"end":{"line":30,"column":43}},"4":{"start":{"line":34,"column":8},"end":{"line":34,"column":45}},"5":{"start":{"line":34,"column":34},"end":{"line":34,"column":45}},"6":{"start":{"line":35,"column":8},"end":{"line":35,"column":61}},"7":{"start":{"line":39,"column":8},"end":{"line":39,"column":29}},"8":{"start":{"line":41,"column":8},"end":{"line":41,"column":1194}},"9":{"start":{"line":42,"column":12},"end":{"line":42,"column":1241}},"10":{"start":{"line":53,"column":8},"end":{"line":53,"column":22}},"11":{"start":{"line":58,"column":8},"end":{"line":58,"column":36}},"12":{"start":{"line":63,"column":8},"end":{"line":63,"column":49}}},"branchMap":{"1":{"line":22,"type":"if","locations":[{"start":{"line":22,"column":8},"end":{"line":22,"column":8}},{"start":{"line":22,"column":8},"end":{"line":22,"column":8}}]},"2":{"line":34,"type":"if","locations":[{"start":{"line":34,"column":8},"end":{"line":34,"column":8}},{"start":{"line":34,"column":8},"end":{"line":34,"column":8}}]},"3":{"line":35,"type":"if","locations":[{"start":{"line":35,"column":49},"end":{"line":35,"column":52}},{"start":{"line":35,"column":56},"end":{"line":35,"column":60}}]},"4":{"line":42,"type":"if","locations":[{"start":{"line":42,"column":12},"end":{"line":42,"column":12}},{"start":{"line":42,"column":12},"end":{"line":42,"column":12}}]}}},"contracts/mock/nft.sol":{"l":{"13":6,"14":6,"21":6,"22":6,"23":6,"25":6,"26":6},"path":"/Users/kasoqian/Desktop/car/contracts/mock/nft.sol","s":{"1":6,"2":6,"3":6,"4":6,"5":6,"6":6,"7":6},"b":{},"f":{"1":6,"2":6},"fnMap":{"1":{"name":"constructor","line":12,"loc":{"start":{"line":12,"column":4},"end":{"line":15,"column":4}}},"2":{"name":"awardItem","line":17,"loc":{"start":{"line":17,"column":4},"end":{"line":27,"column":4}}}},"statementMap":{"1":{"start":{"line":13,"column":8},"end":{"line":13,"column":28}},"2":{"start":{"line":14,"column":8},"end":{"line":14,"column":49}},"3":{"start":{"line":21,"column":8},"end":{"line":21,"column":47}},"4":{"start":{"line":22,"column":8},"end":{"line":22,"column":31}},"5":{"start":{"line":23,"column":8},"end":{"line":23,"column":40}},"6":{"start":{"line":25,"column":8},"end":{"line":25,"column":28}},"7":{"start":{"line":26,"column":8},"end":{"line":26,"column":24}}},"branchMap":{}},"contracts/modules/Slot.sol":{"l":{"10":5,"11":5,"16":0,"17":0,"18":0,"19":0,"21":0,"22":0,"24":0,"30":0,"31":0,"32":0,"33":0,"35":0,"37":0,"43":0,"45":0,"46":0,"47":0,"50":0,"52":0,"53":0,"54":0,"57":0,"62":0,"70":0,"71":0},"path":"/Users/kasoqian/Desktop/car/contracts/modules/Slot.sol","s":{"1":5,"2":0,"3":0,"4":0,"5":0,"6":0,"7":0,"8":0,"9":0,"10":0,"11":0,"12":0,"13":0,"14":0,"15":0,"16":0,"17":0,"18":0,"19":0,"20":0,"21":0,"22":0,"23":0},"b":{"1":[0,0],"2":[0,0],"3":[0,0],"4":[0,0],"5":[0,0],"6":[0,0],"7":[0,0]},"f":{"1":5,"2":0,"3":0,"4":0,"5":0,"6":0,"7":0},"fnMap":{"1":{"name":"constructor","line":9,"loc":{"start":{"line":9,"column":4},"end":{"line":12,"column":4}}},"2":{"name":"addWhiteSlots","line":15,"loc":{"start":{"line":15,"column":4},"end":{"line":26,"column":4}}},"3":{"name":"removeWhiteSlots","line":29,"loc":{"start":{"line":29,"column":4},"end":{"line":39,"column":4}}},"4":{"name":"queryAllWhiteSlots","line":42,"loc":{"start":{"line":42,"column":4},"end":{"line":58,"column":4}}},"5":{"name":"checkSlotWhite","line":61,"loc":{"start":{"line":61,"column":4},"end":{"line":63,"column":4}}},"6":{"name":"_getManager","line":67,"loc":{"start":{"line":67,"column":4},"end":{"line":67,"column":63}}},"7":{"name":"onlyManagerOnSlot","line":69,"loc":{"start":{"line":69,"column":4},"end":{"line":72,"column":4}}}},"statementMap":{"1":{"start":{"line":11,"column":8},"end":{"line":11,"column":31}},"2":{"start":{"line":16,"column":8},"end":{"line":16,"column":351}},"3":{"start":{"line":17,"column":12},"end":{"line":17,"column":30}},"4":{"start":{"line":18,"column":12},"end":{"line":18,"column":47}},"5":{"start":{"line":19,"column":12},"end":{"line":19,"column":43}},"6":{"start":{"line":21,"column":12},"end":{"line":21,"column":35}},"7":{"start":{"line":24,"column":12},"end":{"line":24,"column":39}},"8":{"start":{"line":30,"column":8},"end":{"line":30,"column":761}},"9":{"start":{"line":31,"column":12},"end":{"line":31,"column":30}},"10":{"start":{"line":32,"column":12},"end":{"line":32,"column":47}},"11":{"start":{"line":33,"column":12},"end":{"line":33,"column":48}},"12":{"start":{"line":37,"column":12},"end":{"line":37,"column":42}},"13":{"start":{"line":43,"column":8},"end":{"line":43,"column":20}},"14":{"start":{"line":45,"column":8},"end":{"line":45,"column":1161}},"15":{"start":{"line":46,"column":12},"end":{"line":46,"column":40}},"16":{"start":{"line":47,"column":12},"end":{"line":47,"column":49}},"17":{"start":{"line":50,"column":8},"end":{"line":50,"column":50}},"18":{"start":{"line":52,"column":8},"end":{"line":52,"column":1375}},"19":{"start":{"line":53,"column":12},"end":{"line":53,"column":40}},"20":{"start":{"line":54,"column":12},"end":{"line":54,"column":71}},"21":{"start":{"line":57,"column":8},"end":{"line":57,"column":21}},"22":{"start":{"line":62,"column":8},"end":{"line":62,"column":41}},"23":{"start":{"line":70,"column":8},"end":{"line":70,"column":62}}},"branchMap":{"1":{"line":15,"type":"if","locations":[{"start":{"line":15,"column":58},"end":{"line":15,"column":58}},{"start":{"line":15,"column":58},"end":{"line":15,"column":58}}]},"2":{"line":19,"type":"if","locations":[{"start":{"line":19,"column":12},"end":{"line":19,"column":12}},{"start":{"line":19,"column":12},"end":{"line":19,"column":12}}]},"3":{"line":29,"type":"if","locations":[{"start":{"line":29,"column":61},"end":{"line":29,"column":61}},{"start":{"line":29,"column":61},"end":{"line":29,"column":61}}]},"4":{"line":33,"type":"if","locations":[{"start":{"line":33,"column":12},"end":{"line":33,"column":12}},{"start":{"line":33,"column":12},"end":{"line":33,"column":12}}]},"5":{"line":47,"type":"if","locations":[{"start":{"line":47,"column":12},"end":{"line":47,"column":12}},{"start":{"line":47,"column":12},"end":{"line":47,"column":12}}]},"6":{"line":54,"type":"if","locations":[{"start":{"line":54,"column":12},"end":{"line":54,"column":12}},{"start":{"line":54,"column":12},"end":{"line":54,"column":12}}]},"7":{"line":70,"type":"if","locations":[{"start":{"line":70,"column":8},"end":{"line":70,"column":8}},{"start":{"line":70,"column":8},"end":{"line":70,"column":8}}]}}},"contracts/modules/Subscription.sol":{"l":{"17":0,"22":0,"23":0,"25":0,"27":0,"29":0,"34":0,"35":0,"36":0,"41":0,"46":0,"55":0,"65":0,"66":0},"path":"/Users/kasoqian/Desktop/car/contracts/modules/Subscription.sol","s":{"1":0,"2":0,"3":0,"4":0,"5":0,"6":0,"7":0,"8":0,"9":0,"10":0},"b":{"1":[0,0],"2":[0,0],"3":[0,0],"4":[0,0],"5":[0,0]},"f":{"1":0,"2":0,"3":0,"4":0,"5":0,"6":0,"7":0,"8":0,"9":0},"fnMap":{"1":{"name":"setSubConfig","line":16,"loc":{"start":{"line":16,"column":4},"end":{"line":18,"column":4}}},"2":{"name":"extendTokenSubscription","line":21,"loc":{"start":{"line":21,"column":4},"end":{"line":30,"column":4}}},"3":{"name":"revokeTokenSubscription","line":33,"loc":{"start":{"line":33,"column":4},"end":{"line":37,"column":4}}},"4":{"name":"hasExpired","line":40,"loc":{"start":{"line":40,"column":4},"end":{"line":42,"column":4}}},"5":{"name":"tokenExpiration","line":45,"loc":{"start":{"line":45,"column":4},"end":{"line":47,"column":4}}},"6":{"name":"_hasExpired","line":54,"loc":{"start":{"line":54,"column":4},"end":{"line":56,"column":4}}},"7":{"name":"_getManager","line":60,"loc":{"start":{"line":60,"column":4},"end":{"line":60,"column":63}}},"8":{"name":"_ownerOf","line":61,"loc":{"start":{"line":61,"column":4},"end":{"line":61,"column":77}}},"9":{"name":"onlyManagerOnSub","line":64,"loc":{"start":{"line":64,"column":4},"end":{"line":67,"column":4}}}},"statementMap":{"1":{"start":{"line":22,"column":8},"end":{"line":22,"column":48}},"2":{"start":{"line":23,"column":8},"end":{"line":23,"column":50}},"3":{"start":{"line":25,"column":8},"end":{"line":25,"column":62}},"4":{"start":{"line":29,"column":8},"end":{"line":29,"column":78}},"5":{"start":{"line":34,"column":8},"end":{"line":34,"column":66}},"6":{"start":{"line":36,"column":8},"end":{"line":36,"column":78}},"7":{"start":{"line":41,"column":8},"end":{"line":41,"column":35}},"8":{"start":{"line":46,"column":8},"end":{"line":46,"column":37}},"9":{"start":{"line":55,"column":8},"end":{"line":55,"column":56}},"10":{"start":{"line":65,"column":8},"end":{"line":65,"column":62}}},"branchMap":{"1":{"line":16,"type":"if","locations":[{"start":{"line":16,"column":64},"end":{"line":16,"column":64}},{"start":{"line":16,"column":64},"end":{"line":16,"column":64}}]},"2":{"line":25,"type":"if","locations":[{"start":{"line":25,"column":8},"end":{"line":25,"column":8}},{"start":{"line":25,"column":8},"end":{"line":25,"column":8}}]},"3":{"line":27,"type":"if","locations":[{"start":{"line":27,"column":38},"end":{"line":27,"column":90}},{"start":{"line":27,"column":94},"end":{"line":27,"column":115}}]},"4":{"line":34,"type":"if","locations":[{"start":{"line":34,"column":8},"end":{"line":34,"column":8}},{"start":{"line":34,"column":8},"end":{"line":34,"column":8}}]},"5":{"line":65,"type":"if","locations":[{"start":{"line":65,"column":8},"end":{"line":65,"column":8}},{"start":{"line":65,"column":8},"end":{"line":65,"column":8}}]}}},"contracts/modules/Vault.sol":{"l":{"27":2,"28":2,"29":2,"30":2,"31":2,"32":2,"37":0,"38":0,"39":0,"40":0,"45":0,"46":0,"47":0,"48":0,"49":0,"54":0,"59":0,"60":0,"70":2,"71":2,"72":2,"73":2,"74":2,"75":2,"76":2,"81":0,"93":0,"94":0},"path":"/Users/kasoqian/Desktop/car/contracts/modules/Vault.sol","s":{"1":2,"2":2,"3":2,"4":2,"5":2,"6":0,"7":0,"8":0,"9":0,"10":0,"11":0,"12":0,"13":0,"14":0,"15":0,"16":0,"17":0,"18":2,"19":0},"b":{"1":[2,0],"2":[2,0],"3":[0,0],"4":[0,0],"5":[0,0],"6":[0,0]},"f":{"1":2,"2":0,"3":0,"4":0,"5":0,"6":2,"7":0,"8":0,"9":0,"10":0,"11":0},"fnMap":{"1":{"name":"NFT_init","line":26,"loc":{"start":{"line":26,"column":4},"end":{"line":33,"column":4}}},"2":{"name":"deposit","line":36,"loc":{"start":{"line":36,"column":4},"end":{"line":41,"column":4}}},"3":{"name":"unDeposit","line":44,"loc":{"start":{"line":44,"column":4},"end":{"line":50,"column":4}}},"4":{"name":"adminClaim","line":53,"loc":{"start":{"line":53,"column":4},"end":{"line":55,"column":4}}},"5":{"name":"adminClaim","line":58,"loc":{"start":{"line":58,"column":4},"end":{"line":61,"column":4}}},"6":{"name":"_addToken","line":64,"loc":{"start":{"line":64,"column":4},"end":{"line":77,"column":4}}},"7":{"name":"_deleteToken","line":80,"loc":{"start":{"line":80,"column":4},"end":{"line":82,"column":4}}},"8":{"name":"_after_NFT_init","line":84,"loc":{"start":{"line":84,"column":4},"end":{"line":84,"column":49}}},"9":{"name":"_checkState","line":87,"loc":{"start":{"line":87,"column":4},"end":{"line":87,"column":60}}},"10":{"name":"_superAdmin","line":90,"loc":{"start":{"line":90,"column":4},"end":{"line":90,"column":63}}},"11":{"name":"onlySuperAdmin","line":92,"loc":{"start":{"line":92,"column":4},"end":{"line":95,"column":4}}}},"statementMap":{"1":{"start":{"line":27,"column":8},"end":{"line":27,"column":57}},"2":{"start":{"line":28,"column":8},"end":{"line":28,"column":75}},"3":{"start":{"line":29,"column":8},"end":{"line":29,"column":49}},"4":{"start":{"line":30,"column":8},"end":{"line":30,"column":74}},"5":{"start":{"line":31,"column":8},"end":{"line":31,"column":24}},"6":{"start":{"line":37,"column":8},"end":{"line":37,"column":40}},"7":{"start":{"line":38,"column":8},"end":{"line":38,"column":70}},"8":{"start":{"line":39,"column":8},"end":{"line":39,"column":73}},"9":{"start":{"line":40,"column":8},"end":{"line":40,"column":59}},"10":{"start":{"line":45,"column":8},"end":{"line":45,"column":60}},"11":{"start":{"line":46,"column":8},"end":{"line":46,"column":50}},"12":{"start":{"line":47,"column":8},"end":{"line":47,"column":80}},"13":{"start":{"line":48,"column":8},"end":{"line":48,"column":31}},"14":{"start":{"line":49,"column":8},"end":{"line":49,"column":68}},"15":{"start":{"line":54,"column":8},"end":{"line":54,"column":46}},"16":{"start":{"line":59,"column":8},"end":{"line":59,"column":64}},"17":{"start":{"line":60,"column":8},"end":{"line":60,"column":93}},"18":{"start":{"line":70,"column":8},"end":{"line":70,"column":62}},"19":{"start":{"line":93,"column":8},"end":{"line":93,"column":61}}},"branchMap":{"1":{"line":27,"type":"if","locations":[{"start":{"line":27,"column":8},"end":{"line":27,"column":8}},{"start":{"line":27,"column":8},"end":{"line":27,"column":8}}]},"2":{"line":29,"type":"if","locations":[{"start":{"line":29,"column":8},"end":{"line":29,"column":8}},{"start":{"line":29,"column":8},"end":{"line":29,"column":8}}]},"3":{"line":46,"type":"if","locations":[{"start":{"line":46,"column":8},"end":{"line":46,"column":8}},{"start":{"line":46,"column":8},"end":{"line":46,"column":8}}]},"4":{"line":53,"type":"if","locations":[{"start":{"line":53,"column":66},"end":{"line":53,"column":66}},{"start":{"line":53,"column":66},"end":{"line":53,"column":66}}]},"5":{"line":58,"type":"if","locations":[{"start":{"line":58,"column":50},"end":{"line":58,"column":50}},{"start":{"line":58,"column":50},"end":{"line":58,"column":50}}]},"6":{"line":93,"type":"if","locations":[{"start":{"line":93,"column":8},"end":{"line":93,"column":8}},{"start":{"line":93,"column":8},"end":{"line":93,"column":8}}]}}}}