{
"contracts/factory/Factory.sol":{"l":{"19":1,"23":10,"24":10,"26":10,"27":10,"28":10,"30":10,"31":10,"35":10,"36":10,"37":10,"38":10,"40":10},"path":"/Users/kasoqian/Desktop/car/contracts/factory/Factory.sol","s":{"1":1,"2":10,"3":10,"4":10,"5":10,"6":10,"7":10,"8":10},"b":{},"f":{"1":1,"2":10,"3":10},"fnMap":{"1":{"name":"getProjectInfo","line":18,"loc":{"start":{"line":18,"column":4},"end":{"line":20,"column":4}}},"2":{"name":"create","line":22,"loc":{"start":{"line":22,"column":4},"end":{"line":32,"column":4}}},"3":{"name":"_deposit","line":34,"loc":{"start":{"line":34,"column":4},"end":{"line":41,"column":4}}}},"statementMap":{"1":{"start":{"line":19,"column":8},"end":{"line":19,"column":39}},"2":{"start":{"line":23,"column":8},"end":{"line":23,"column":54}},"3":{"start":{"line":24,"column":8},"end":{"line":24,"column":51}},"4":{"start":{"line":26,"column":8},"end":{"line":26,"column":73}},"5":{"start":{"line":27,"column":8},"end":{"line":27,"column":46}},"6":{"start":{"line":28,"column":8},"end":{"line":28,"column":46}},"7":{"start":{"line":31,"column":8},"end":{"line":31,"column":26}},"8":{"start":{"line":40,"column":8},"end":{"line":40,"column":60}}},"branchMap":{}},
"contracts/interface/INFT.sol":{"l":{},"path":"/Users/kasoqian/Desktop/car/contracts/interface/INFT.sol","s":{},"b":{},"f":{},"fnMap":{},"statementMap":{},"branchMap":{}},
"contracts/interface/ISlot.sol":{"l":{},"path":"/Users/kasoqian/Desktop/car/contracts/interface/ISlot.sol","s":{},"b":{},"f":{},"fnMap":{},"statementMap":{},"branchMap":{}},
"contracts/Main.sol":{"l":{"21":10,"22":10,"23":10,"24":10,"25":10,"26":10,"30":0,"34":3,"35":3,"36":6,"37":6,"43":7,"48":17,"53":1,"58":10},"path":"/Users/kasoqian/Desktop/car/contracts/Main.sol","s":{"1":10,"2":10,"3":10,"4":0,"5":3,"6":3,"7":6,"8":6,"9":7,"10":17,"11":1,"12":10},"b":{"1":[10,0],"2":[4,2]},"f":{"1":10,"2":0,"3":3,"4":7,"5":17,"6":1,"7":10},"fnMap":{"1":{"name":"init","line":20,"loc":{"start":{"line":20,"column":4},"end":{"line":27,"column":4}}},"2":{"name":"mintValue","line":29,"loc":{"start":{"line":29,"column":4},"end":{"line":31,"column":4}}},"3":{"name":"_checkState","line":33,"loc":{"start":{"line":33,"column":4},"end":{"line":39,"column":4}}},"4":{"name":"_getManager","line":42,"loc":{"start":{"line":42,"column":4},"end":{"line":44,"column":4}}},"5":{"name":"_ownerOf","line":47,"loc":{"start":{"line":47,"column":4},"end":{"line":49,"column":4}}},"6":{"name":"_superAdmin","line":52,"loc":{"start":{"line":52,"column":4},"end":{"line":54,"column":4}}},"7":{"name":"_after_NFT_init","line":57,"loc":{"start":{"line":57,"column":4},"end":{"line":59,"column":4}}}},"statementMap":{"1":{"start":{"line":21,"column":8},"end":{"line":21,"column":50}},"2":{"start":{"line":22,"column":8},"end":{"line":22,"column":39}},"3":{"start":{"line":26,"column":8},"end":{"line":26,"column":32}},"4":{"start":{"line":30,"column":8},"end":{"line":30,"column":43}},"5":{"start":{"line":34,"column":8},"end":{"line":34,"column":29}},"6":{"start":{"line":35,"column":8},"end":{"line":35,"column":975}},"7":{"start":{"line":36,"column":12},"end":{"line":36,"column":96}},"8":{"start":{"line":37,"column":12},"end":{"line":37,"column":74}},"9":{"start":{"line":43,"column":8},"end":{"line":43,"column":22}},"10":{"start":{"line":48,"column":8},"end":{"line":48,"column":36}},"11":{"start":{"line":53,"column":8},"end":{"line":53,"column":30}},"12":{"start":{"line":58,"column":8},"end":{"line":58,"column":44}}},"branchMap":{"1":{"line":21,"type":"if","locations":[{"start":{"line":21,"column":8},"end":{"line":21,"column":8}},{"start":{"line":21,"column":8},"end":{"line":21,"column":8}}]},"2":{"line":37,"type":"if","locations":[{"start":{"line":37,"column":12},"end":{"line":37,"column":12}},{"start":{"line":37,"column":12},"end":{"line":37,"column":12}}]}}},
"contracts/mock/nft.sol":{"l":{"13":18,"14":18,"15":18,"16":18,"17":18,"18":18,"25":90,"26":90,"27":90,"29":90,"30":90},"path":"/Users/kasoqian/Desktop/car/contracts/mock/nft.sol","s":{"1":18,"2":18,"3":18,"4":18,"5":18,"6":18,"7":90,"8":90,"9":90,"10":90,"11":90},"b":{},"f":{"1":18,"2":90},"fnMap":{"1":{"name":"constructor","line":12,"loc":{"start":{"line":12,"column":4},"end":{"line":19,"column":4}}},"2":{"name":"mint","line":21,"loc":{"start":{"line":21,"column":4},"end":{"line":31,"column":4}}}},"statementMap":{"1":{"start":{"line":13,"column":8},"end":{"line":13,"column":28}},"2":{"start":{"line":14,"column":8},"end":{"line":14,"column":44}},"3":{"start":{"line":15,"column":8},"end":{"line":15,"column":44}},"4":{"start":{"line":16,"column":8},"end":{"line":16,"column":44}},"5":{"start":{"line":17,"column":8},"end":{"line":17,"column":44}},"6":{"start":{"line":18,"column":8},"end":{"line":18,"column":44}},"7":{"start":{"line":25,"column":8},"end":{"line":25,"column":47}},"8":{"start":{"line":26,"column":8},"end":{"line":26,"column":31}},"9":{"start":{"line":27,"column":8},"end":{"line":27,"column":40}},"10":{"start":{"line":29,"column":8},"end":{"line":29,"column":28}},"11":{"start":{"line":30,"column":8},"end":{"line":30,"column":24}}},"branchMap":{}},
"contracts/modules/Context.sol":{"l":{"18":47},"path":"/Users/kasoqian/Desktop/car/contracts/modules/Context.sol","s":{"1":47},"b":{},"f":{"1":47},"fnMap":{"1":{"name":"_msgSender","line":17,"loc":{"start":{"line":17,"column":4},"end":{"line":19,"column":4}}}},"statementMap":{"1":{"start":{"line":18,"column":8},"end":{"line":18,"column":25}}},"branchMap":{}},
"contracts/modules/Ownable.sol":{"l":{"29":31,"36":5,"37":3,"44":24,"51":5,"62":1,"70":1,"71":1,"79":43,"80":43,"81":43},"path":"/Users/kasoqian/Desktop/car/contracts/modules/Ownable.sol","s":{"1":31,"2":5,"3":24,"4":5,"5":1,"6":1,"7":1,"8":43,"9":43},"b":{"1":[3,2],"2":[1,0],"3":[1,1],"4":[1,0]},"f":{"1":31,"2":5,"3":24,"4":5,"5":1,"6":1,"7":43},"fnMap":{"1":{"name":"constructor","line":28,"loc":{"start":{"line":28,"column":4},"end":{"line":30,"column":4}}},"2":{"name":"onlyOwner","line":35,"loc":{"start":{"line":35,"column":4},"end":{"line":38,"column":4}}},"3":{"name":"owner","line":43,"loc":{"start":{"line":43,"column":4},"end":{"line":45,"column":4}}},"4":{"name":"_checkOwner","line":50,"loc":{"start":{"line":50,"column":4},"end":{"line":52,"column":4}}},"5":{"name":"renounceOwnership","line":61,"loc":{"start":{"line":61,"column":4},"end":{"line":63,"column":4}}},"6":{"name":"transferOwnership","line":69,"loc":{"start":{"line":69,"column":4},"end":{"line":72,"column":4}}},"7":{"name":"_transferOwnership","line":78,"loc":{"start":{"line":78,"column":4},"end":{"line":82,"column":4}}}},"statementMap":{"1":{"start":{"line":29,"column":8},"end":{"line":29,"column":39}},"2":{"start":{"line":36,"column":8},"end":{"line":36,"column":20}},"3":{"start":{"line":44,"column":8},"end":{"line":44,"column":21}},"4":{"start":{"line":51,"column":8},"end":{"line":51,"column":75}},"5":{"start":{"line":62,"column":8},"end":{"line":62,"column":37}},"6":{"start":{"line":70,"column":8},"end":{"line":70,"column":80}},"7":{"start":{"line":71,"column":8},"end":{"line":71,"column":35}},"8":{"start":{"line":79,"column":8},"end":{"line":79,"column":33}},"9":{"start":{"line":81,"column":8},"end":{"line":81,"column":53}}},"branchMap":{"1":{"line":51,"type":"if","locations":[{"start":{"line":51,"column":8},"end":{"line":51,"column":8}},{"start":{"line":51,"column":8},"end":{"line":51,"column":8}}]},"2":{"line":61,"type":"if","locations":[{"start":{"line":61,"column":48},"end":{"line":61,"column":48}},{"start":{"line":61,"column":48},"end":{"line":61,"column":48}}]},"3":{"line":69,"type":"if","locations":[{"start":{"line":69,"column":64},"end":{"line":69,"column":64}},{"start":{"line":69,"column":64},"end":{"line":69,"column":64}}]},"4":{"line":70,"type":"if","locations":[{"start":{"line":70,"column":8},"end":{"line":70,"column":8}},{"start":{"line":70,"column":8},"end":{"line":70,"column":8}}]}}},
"contracts/modules/Slot.sol":{"l":{"11":13,"12":13,"17":1,"18":4,"19":4,"20":4,"22":4,"23":4,"25":4,"31":2,"32":2,"33":2,"34":2,"36":1,"38":1,"44":1,"46":1,"47":5,"48":5,"49":4,"53":1,"54":1,"55":5,"56":5,"57":4,"58":4,"62":1,"67":2,"75":5,"76":3},"path":"/Users/kasoqian/Desktop/car/contracts/modules/Slot.sol","s":{"1":13,"2":1,"3":4,"4":4,"5":4,"6":4,"7":4,"8":2,"9":2,"10":2,"11":2,"12":1,"13":1,"14":1,"15":5,"16":5,"17":1,"18":1,"19":5,"20":5,"21":1,"22":2,"23":5},"b":{"1":[1,1],"2":[4,0],"3":[2,1],"4":[1,1],"5":[4,1],"6":[4,1],"7":[3,2]},"f":{"1":13,"2":1,"3":2,"4":1,"5":2,"6":0,"7":5},"fnMap":{"1":{"name":"constructor","line":10,"loc":{"start":{"line":10,"column":4},"end":{"line":13,"column":4}}},"2":{"name":"addWhiteSlots","line":16,"loc":{"start":{"line":16,"column":4},"end":{"line":27,"column":4}}},"3":{"name":"removeWhiteSlots","line":30,"loc":{"start":{"line":30,"column":4},"end":{"line":40,"column":4}}},"4":{"name":"queryAllWhiteSlots","line":43,"loc":{"start":{"line":43,"column":4},"end":{"line":63,"column":4}}},"5":{"name":"checkSlotWhite","line":66,"loc":{"start":{"line":66,"column":4},"end":{"line":68,"column":4}}},"6":{"name":"_getManager","line":72,"loc":{"start":{"line":72,"column":4},"end":{"line":72,"column":63}}},"7":{"name":"onlyManagerOnSlot","line":74,"loc":{"start":{"line":74,"column":4},"end":{"line":77,"column":4}}}},"statementMap":{"1":{"start":{"line":12,"column":8},"end":{"line":12,"column":20}},"2":{"start":{"line":17,"column":8},"end":{"line":17,"column":358}},"3":{"start":{"line":18,"column":12},"end":{"line":18,"column":30}},"4":{"start":{"line":19,"column":12},"end":{"line":19,"column":38}},"5":{"start":{"line":20,"column":12},"end":{"line":20,"column":54}},"6":{"start":{"line":22,"column":12},"end":{"line":22,"column":24}},"7":{"start":{"line":25,"column":12},"end":{"line":25,"column":39}},"8":{"start":{"line":31,"column":8},"end":{"line":31,"column":748}},"9":{"start":{"line":32,"column":12},"end":{"line":32,"column":30}},"10":{"start":{"line":33,"column":12},"end":{"line":33,"column":36}},"11":{"start":{"line":34,"column":12},"end":{"line":34,"column":55}},"12":{"start":{"line":38,"column":12},"end":{"line":38,"column":42}},"13":{"start":{"line":44,"column":8},"end":{"line":44,"column":20}},"14":{"start":{"line":46,"column":8},"end":{"line":46,"column":1133}},"15":{"start":{"line":47,"column":12},"end":{"line":47,"column":29}},"16":{"start":{"line":48,"column":12},"end":{"line":48,"column":1218}},"17":{"start":{"line":53,"column":8},"end":{"line":53,"column":50}},"18":{"start":{"line":54,"column":8},"end":{"line":54,"column":1345}},"19":{"start":{"line":55,"column":12},"end":{"line":55,"column":29}},"20":{"start":{"line":56,"column":12},"end":{"line":56,"column":1430}},"21":{"start":{"line":62,"column":8},"end":{"line":62,"column":21}},"22":{"start":{"line":67,"column":8},"end":{"line":67,"column":30}},"23":{"start":{"line":75,"column":8},"end":{"line":75,"column":62}}},"branchMap":{"1":{"line":16,"type":"if","locations":[{"start":{"line":16,"column":58},"end":{"line":16,"column":58}},{"start":{"line":16,"column":58},"end":{"line":16,"column":58}}]},"2":{"line":20,"type":"if","locations":[{"start":{"line":20,"column":12},"end":{"line":20,"column":12}},{"start":{"line":20,"column":12},"end":{"line":20,"column":12}}]},"3":{"line":30,"type":"if","locations":[{"start":{"line":30,"column":61},"end":{"line":30,"column":61}},{"start":{"line":30,"column":61},"end":{"line":30,"column":61}}]},"4":{"line":34,"type":"if","locations":[{"start":{"line":34,"column":12},"end":{"line":34,"column":12}},{"start":{"line":34,"column":12},"end":{"line":34,"column":12}}]},"5":{"line":48,"type":"if","locations":[{"start":{"line":48,"column":12},"end":{"line":48,"column":12}},{"start":{"line":48,"column":12},"end":{"line":48,"column":12}}]},"6":{"line":56,"type":"if","locations":[{"start":{"line":56,"column":12},"end":{"line":56,"column":12}},{"start":{"line":56,"column":12},"end":{"line":56,"column":12}}]},"7":{"line":75,"type":"if","locations":[{"start":{"line":75,"column":8},"end":{"line":75,"column":8}},{"start":{"line":75,"column":8},"end":{"line":75,"column":8}}]}}},
"contracts/modules/Subscription.sol":{"l":{"17":1,"22":6,"23":6,"24":6,"26":6,"28":5,"30":5,"35":5,"36":4,"37":4,"42":2,"47":2,"51":5,"62":2,"63":1},"path":"/Users/kasoqian/Desktop/car/contracts/modules/Subscription.sol","s":{"1":6,"2":6,"3":6,"4":6,"5":5,"6":5,"7":4,"8":2,"9":2,"10":5,"11":2},"b":{"1":[1,1],"2":[6,0],"3":[5,1],"4":[5,0],"5":[4,1],"6":[1,1]},"f":{"1":1,"2":6,"3":5,"4":2,"5":2,"6":5,"7":0,"8":0,"9":2},"fnMap":{"1":{"name":"setSubConfig","line":16,"loc":{"start":{"line":16,"column":4},"end":{"line":18,"column":4}}},"2":{"name":"extendTokenSubscription","line":21,"loc":{"start":{"line":21,"column":4},"end":{"line":31,"column":4}}},"3":{"name":"revokeTokenSubscription","line":34,"loc":{"start":{"line":34,"column":4},"end":{"line":38,"column":4}}},"4":{"name":"hasExpired","line":41,"loc":{"start":{"line":41,"column":4},"end":{"line":43,"column":4}}},"5":{"name":"tokenExpiration","line":46,"loc":{"start":{"line":46,"column":4},"end":{"line":48,"column":4}}},"6":{"name":"_hasExpired","line":50,"loc":{"start":{"line":50,"column":4},"end":{"line":52,"column":4}}},"7":{"name":"_getManager","line":56,"loc":{"start":{"line":56,"column":4},"end":{"line":56,"column":63}}},"8":{"name":"_ownerOf","line":58,"loc":{"start":{"line":58,"column":4},"end":{"line":58,"column":77}}},"9":{"name":"onlyManagerOnSub","line":61,"loc":{"start":{"line":61,"column":4},"end":{"line":64,"column":4}}}},"statementMap":{"1":{"start":{"line":22,"column":8},"end":{"line":22,"column":66}},"2":{"start":{"line":23,"column":8},"end":{"line":23,"column":48}},"3":{"start":{"line":24,"column":8},"end":{"line":24,"column":50}},"4":{"start":{"line":26,"column":8},"end":{"line":26,"column":62}},"5":{"start":{"line":30,"column":8},"end":{"line":30,"column":78}},"6":{"start":{"line":35,"column":8},"end":{"line":35,"column":66}},"7":{"start":{"line":37,"column":8},"end":{"line":37,"column":78}},"8":{"start":{"line":42,"column":8},"end":{"line":42,"column":35}},"9":{"start":{"line":47,"column":8},"end":{"line":47,"column":37}},"10":{"start":{"line":51,"column":8},"end":{"line":51,"column":56}},"11":{"start":{"line":62,"column":8},"end":{"line":62,"column":62}}},"branchMap":{"1":{"line":16,"type":"if","locations":[{"start":{"line":16,"column":64},"end":{"line":16,"column":64}},{"start":{"line":16,"column":64},"end":{"line":16,"column":64}}]},"2":{"line":22,"type":"if","locations":[{"start":{"line":22,"column":8},"end":{"line":22,"column":8}},{"start":{"line":22,"column":8},"end":{"line":22,"column":8}}]},"3":{"line":26,"type":"if","locations":[{"start":{"line":26,"column":8},"end":{"line":26,"column":8}},{"start":{"line":26,"column":8},"end":{"line":26,"column":8}}]},"4":{"line":28,"type":"if","locations":[{"start":{"line":28,"column":38},"end":{"line":28,"column":90}},{"start":{"line":28,"column":94},"end":{"line":28,"column":115}}]},"5":{"line":35,"type":"if","locations":[{"start":{"line":35,"column":8},"end":{"line":35,"column":8}},{"start":{"line":35,"column":8},"end":{"line":35,"column":8}}]},"6":{"line":62,"type":"if","locations":[{"start":{"line":62,"column":8},"end":{"line":62,"column":8}},{"start":{"line":62,"column":8},"end":{"line":62,"column":8}}]}}},
"contracts/modules/Vault.sol":{"l":{"27":10,"28":10,"29":10,"30":10,"31":10,"32":10,"37":3,"38":3,"39":3,"40":3,"45":3,"46":3,"47":1,"48":1,"49":1,"54":1,"59":1,"60":1,"65":13,"66":13,"67":13,"68":13,"69":13,"70":13,"71":13,"72":13,"77":1,"89":1,"90":1},"path":"/Users/kasoqian/Desktop/car/contracts/modules/Vault.sol","s":{"1":10,"2":10,"3":10,"4":10,"5":3,"6":3,"7":3,"8":3,"9":3,"10":1,"11":1,"12":1,"13":1,"14":1,"15":1,"16":13,"17":1},"b":{"1":[10,0],"2":[10,0],"3":[1,1],"4":[1,0],"5":[1,0]},"f":{"1":10,"2":3,"3":3,"4":1,"5":1,"6":13,"7":1,"8":0,"9":0,"10":0,"11":1},"fnMap":{"1":{"name":"NFT_init","line":26,"loc":{"start":{"line":26,"column":4},"end":{"line":33,"column":4}}},"2":{"name":"deposit","line":36,"loc":{"start":{"line":36,"column":4},"end":{"line":41,"column":4}}},"3":{"name":"unDeposit","line":44,"loc":{"start":{"line":44,"column":4},"end":{"line":50,"column":4}}},"4":{"name":"adminClaim","line":53,"loc":{"start":{"line":53,"column":4},"end":{"line":55,"column":4}}},"5":{"name":"adminClaimERC721","line":58,"loc":{"start":{"line":58,"column":4},"end":{"line":61,"column":4}}},"6":{"name":"_addToken","line":64,"loc":{"start":{"line":64,"column":4},"end":{"line":73,"column":4}}},"7":{"name":"_deleteToken","line":76,"loc":{"start":{"line":76,"column":4},"end":{"line":78,"column":4}}},"8":{"name":"_after_NFT_init","line":80,"loc":{"start":{"line":80,"column":4},"end":{"line":80,"column":49}}},"9":{"name":"_checkState","line":83,"loc":{"start":{"line":83,"column":4},"end":{"line":83,"column":45}}},"10":{"name":"_superAdmin","line":86,"loc":{"start":{"line":86,"column":4},"end":{"line":86,"column":68}}},"11":{"name":"onlySuperAdmin","line":88,"loc":{"start":{"line":88,"column":4},"end":{"line":91,"column":4}}}},"statementMap":{"1":{"start":{"line":27,"column":8},"end":{"line":27,"column":58}},"2":{"start":{"line":28,"column":8},"end":{"line":28,"column":75}},"3":{"start":{"line":29,"column":8},"end":{"line":29,"column":49}},"4":{"start":{"line":31,"column":8},"end":{"line":31,"column":24}},"5":{"start":{"line":37,"column":8},"end":{"line":37,"column":40}},"6":{"start":{"line":38,"column":8},"end":{"line":38,"column":70}},"7":{"start":{"line":40,"column":8},"end":{"line":40,"column":59}},"8":{"start":{"line":45,"column":8},"end":{"line":45,"column":60}},"9":{"start":{"line":46,"column":8},"end":{"line":46,"column":20}},"10":{"start":{"line":47,"column":8},"end":{"line":47,"column":80}},"11":{"start":{"line":48,"column":8},"end":{"line":48,"column":31}},"12":{"start":{"line":49,"column":8},"end":{"line":49,"column":68}},"13":{"start":{"line":54,"column":8},"end":{"line":54,"column":46}},"14":{"start":{"line":59,"column":8},"end":{"line":59,"column":64}},"15":{"start":{"line":60,"column":8},"end":{"line":60,"column":93}},"16":{"start":{"line":65,"column":8},"end":{"line":65,"column":62}},"17":{"start":{"line":89,"column":8},"end":{"line":89,"column":61}}},"branchMap":{"1":{"line":27,"type":"if","locations":[{"start":{"line":27,"column":8},"end":{"line":27,"column":8}},{"start":{"line":27,"column":8},"end":{"line":27,"column":8}}]},"2":{"line":29,"type":"if","locations":[{"start":{"line":29,"column":8},"end":{"line":29,"column":8}},{"start":{"line":29,"column":8},"end":{"line":29,"column":8}}]},"3":{"line":53,"type":"if","locations":[{"start":{"line":53,"column":66},"end":{"line":53,"column":66}},{"start":{"line":53,"column":66},"end":{"line":53,"column":66}}]},"4":{"line":58,"type":"if","locations":[{"start":{"line":58,"column":56},"end":{"line":58,"column":56}},{"start":{"line":58,"column":56},"end":{"line":58,"column":56}}]},"5":{"line":89,"type":"if","locations":[{"start":{"line":89,"column":8},"end":{"line":89,"column":8}},{"start":{"line":89,"column":8},"end":{"line":89,"column":8}}]}}}}
