TN:
SF:/Users/kasoqian/Desktop/car/contracts/factory/Factory.sol
FN:18,getProjectInfo
FN:22,create
FN:34,_deposit
FNF:3
FNH:3
FNDA:1,getProjectInfo
FNDA:10,create
FNDA:10,_deposit
DA:19,1
DA:23,10
DA:24,10
DA:26,10
DA:27,10
DA:28,10
DA:30,10
DA:31,10
DA:35,10
DA:36,10
DA:37,10
DA:38,10
DA:40,10
LF:13
LH:13
BRF:0
BRH:0
end_of_record
TN:
SF:/Users/kasoqian/Desktop/car/contracts/interface/INFT.sol
FNF:0
FNH:0
LF:0
LH:0
BRF:0
BRH:0
end_of_record
TN:
SF:/Users/kasoqian/Desktop/car/contracts/interface/ISlot.sol
FNF:0
FNH:0
LF:0
LH:0
BRF:0
BRH:0
end_of_record
TN:
SF:/Users/kasoqian/Desktop/car/contracts/Main.sol
FN:20,init
FN:29,mintValue
FN:33,_checkState
FN:42,_getManager
FN:47,_ownerOf
FN:52,_superAdmin
FN:57,_after_NFT_init
FNF:7
FNH:6
FNDA:10,init
FNDA:0,mintValue
FNDA:3,_checkState
FNDA:7,_getManager
FNDA:17,_ownerOf
FNDA:1,_superAdmin
FNDA:10,_after_NFT_init
DA:21,10
DA:22,10
DA:23,10
DA:24,10
DA:25,10
DA:26,10
DA:30,0
DA:34,3
DA:35,3
DA:36,6
DA:37,6
DA:43,7
DA:48,17
DA:53,1
DA:58,10
LF:15
LH:14
BRDA:21,1,0,10
BRDA:21,1,1,0
BRDA:37,2,0,4
BRDA:37,2,1,2
BRF:4
BRH:3
end_of_record
TN:
SF:/Users/kasoqian/Desktop/car/contracts/mock/nft.sol
FN:12,constructor
FN:21,mint
FNF:2
FNH:2
FNDA:18,constructor
FNDA:90,mint
DA:13,18
DA:14,18
DA:15,18
DA:16,18
DA:17,18
DA:18,18
DA:25,90
DA:26,90
DA:27,90
DA:29,90
DA:30,90
LF:11
LH:11
BRF:0
BRH:0
end_of_record
TN:
SF:/Users/kasoqian/Desktop/car/contracts/modules/Context.sol
FN:17,_msgSender
FNF:1
FNH:1
FNDA:47,_msgSender
DA:18,47
LF:1
LH:1
BRF:0
BRH:0
end_of_record
TN:
SF:/Users/kasoqian/Desktop/car/contracts/modules/Ownable.sol
FN:28,constructor
FN:35,onlyOwner
FN:43,owner
FN:50,_checkOwner
FN:61,renounceOwnership
FN:69,transferOwnership
FN:78,_transferOwnership
FNF:7
FNH:7
FNDA:31,constructor
FNDA:5,onlyOwner
FNDA:24,owner
FNDA:5,_checkOwner
FNDA:1,renounceOwnership
FNDA:1,transferOwnership
FNDA:43,_transferOwnership
DA:29,31
DA:36,5
DA:37,3
DA:44,24
DA:51,5
DA:62,1
DA:70,1
DA:71,1
DA:79,43
DA:80,43
DA:81,43
LF:11
LH:11
BRDA:51,1,0,3
BRDA:51,1,1,2
BRDA:61,2,0,1
BRDA:61,2,1,0
BRDA:69,3,0,1
BRDA:69,3,1,1
BRDA:70,4,0,1
BRDA:70,4,1,0
BRF:8
BRH:6
end_of_record
TN:
SF:/Users/kasoqian/Desktop/car/contracts/modules/Slot.sol
FN:10,constructor
FN:16,addWhiteSlots
FN:30,removeWhiteSlots
FN:43,queryAllWhiteSlots
FN:66,checkSlotWhite
FN:72,_getManager
FN:74,onlyManagerOnSlot
FNF:7
FNH:6
FNDA:13,constructor
FNDA:1,addWhiteSlots
FNDA:2,removeWhiteSlots
FNDA:1,queryAllWhiteSlots
FNDA:2,checkSlotWhite
FNDA:0,_getManager
FNDA:5,onlyManagerOnSlot
DA:11,13
DA:12,13
DA:17,1
DA:18,4
DA:19,4
DA:20,4
DA:22,4
DA:23,4
DA:25,4
DA:31,2
DA:32,2
DA:33,2
DA:34,2
DA:36,1
DA:38,1
DA:44,1
DA:46,1
DA:47,5
DA:48,5
DA:49,4
DA:53,1
DA:54,1
DA:55,5
DA:56,5
DA:57,4
DA:58,4
DA:62,1
DA:67,2
DA:75,5
DA:76,3
LF:30
LH:30
BRDA:16,1,0,1
BRDA:16,1,1,1
BRDA:20,2,0,4
BRDA:20,2,1,0
BRDA:30,3,0,2
BRDA:30,3,1,1
BRDA:34,4,0,1
BRDA:34,4,1,1
BRDA:48,5,0,4
BRDA:48,5,1,1
BRDA:56,6,0,4
BRDA:56,6,1,1
BRDA:75,7,0,3
BRDA:75,7,1,2
BRF:14
BRH:13
end_of_record
TN:
SF:/Users/kasoqian/Desktop/car/contracts/modules/Subscription.sol
FN:16,setSubConfig
FN:21,extendTokenSubscription
FN:34,revokeTokenSubscription
FN:41,hasExpired
FN:46,tokenExpiration
FN:50,_hasExpired
FN:56,_getManager
FN:58,_ownerOf
FN:61,onlyManagerOnSub
FNF:9
FNH:7
FNDA:1,setSubConfig
FNDA:6,extendTokenSubscription
FNDA:5,revokeTokenSubscription
FNDA:2,hasExpired
FNDA:2,tokenExpiration
FNDA:5,_hasExpired
FNDA:0,_getManager
FNDA:0,_ownerOf
FNDA:2,onlyManagerOnSub
DA:17,1
DA:22,6
DA:23,6
DA:24,6
DA:26,6
DA:28,5
DA:30,5
DA:35,5
DA:36,4
DA:37,4
DA:42,2
DA:47,2
DA:51,5
DA:62,2
DA:63,1
LF:15
LH:15
BRDA:16,1,0,1
BRDA:16,1,1,1
BRDA:22,2,0,6
BRDA:22,2,1,0
BRDA:26,3,0,5
BRDA:26,3,1,1
BRDA:28,4,0,5
BRDA:28,4,1,0
BRDA:35,5,0,4
BRDA:35,5,1,1
BRDA:62,6,0,1
BRDA:62,6,1,1
BRF:12
BRH:10
end_of_record
TN:
SF:/Users/kasoqian/Desktop/car/contracts/modules/Vault.sol
FN:26,NFT_init
FN:36,deposit
FN:44,unDeposit
FN:53,adminClaim
FN:58,adminClaimERC721
FN:64,_addToken
FN:76,_deleteToken
FN:80,_after_NFT_init
FN:83,_checkState
FN:86,_superAdmin
FN:88,onlySuperAdmin
FNF:11
FNH:8
FNDA:10,NFT_init
FNDA:3,deposit
FNDA:3,unDeposit
FNDA:1,adminClaim
FNDA:1,adminClaimERC721
FNDA:13,_addToken
FNDA:1,_deleteToken
FNDA:0,_after_NFT_init
FNDA:0,_checkState
FNDA:0,_superAdmin
FNDA:1,onlySuperAdmin
DA:27,10
DA:28,10
DA:29,10
DA:30,10
DA:31,10
DA:32,10
DA:37,3
DA:38,3
DA:39,3
DA:40,3
DA:45,3
DA:46,3
DA:47,1
DA:48,1
DA:49,1
DA:54,1
DA:59,1
DA:60,1
DA:65,13
DA:66,13
DA:67,13
DA:68,13
DA:69,13
DA:70,13
DA:71,13
DA:72,13
DA:77,1
DA:89,1
DA:90,1
LF:29
LH:29
BRDA:27,1,0,10
BRDA:27,1,1,0
BRDA:29,2,0,10
BRDA:29,2,1,0
BRDA:53,3,0,1
BRDA:53,3,1,1
BRDA:58,4,0,1
BRDA:58,4,1,0
BRDA:89,5,0,1
BRDA:89,5,1,0
BRF:10
BRH:6
end_of_record
