TN:
SF:/Users/kasoqian/Desktop/car/contracts/factory/Factory.sol
FN:18,getProjctInfo
FN:22,create
FN:39,_deposit
FNF:3
FNH:3
FNDA:1,getProjctInfo
FNDA:2,create
FNDA:2,_deposit
DA:19,1
DA:29,2
DA:30,2
DA:31,2
DA:33,2
DA:35,2
DA:36,2
DA:44,2
DA:45,2
DA:46,2
DA:47,2
DA:49,2
LF:12
LH:12
BRF:0
BRH:0
end_of_record
TN:
SF:/Users/kasoqian/Desktop/car/contracts/interface/INFT.sol
FNF:0
FNH:0
LF:0
LH:0
BRF:0
BRH:0
end_of_record
TN:
SF:/Users/kasoqian/Desktop/car/contracts/interface/ISlot.sol
FNF:0
FNH:0
LF:0
LH:0
BRF:0
BRH:0
end_of_record
TN:
SF:/Users/kasoqian/Desktop/car/contracts/Main.sol
FN:14,init
FN:24,mint
FN:33,mintValue
FN:37,_checkTokenStateOfOwner
FN:42,_checkState
FN:56,_getManager
FN:61,_ownerOf
FNF:7
FNH:1
FNDA:2,init
FNDA:0,mint
FNDA:0,mintValue
FNDA:0,_checkTokenStateOfOwner
FNDA:0,_checkState
FNDA:0,_getManager
FNDA:0,_ownerOf
DA:19,2
DA:20,2
DA:21,2
DA:30,0
DA:34,0
DA:38,0
DA:39,0
DA:43,0
DA:44,0
DA:45,0
DA:46,0
DA:47,0
DA:49,0
DA:50,0
DA:57,0
DA:62,0
LF:16
LH:3
BRDA:19,1,0,2
BRDA:19,1,1,0
BRDA:38,2,0,0
BRDA:38,2,1,0
BRDA:39,3,0,0
BRDA:39,3,1,0
BRDA:46,4,0,0
BRDA:46,4,1,0
BRF:8
BRH:1
end_of_record
TN:
SF:/Users/kasoqian/Desktop/car/contracts/mock/nft.sol
FN:12,constructor
FN:17,awardItem
FNF:2
FNH:2
FNDA:6,constructor
FNDA:6,awardItem
DA:13,6
DA:14,6
DA:21,6
DA:22,6
DA:23,6
DA:25,6
DA:26,6
LF:7
LH:7
BRF:0
BRH:0
end_of_record
TN:
SF:/Users/kasoqian/Desktop/car/contracts/modules/Slot.sol
FN:9,constructor
FN:15,addWhiteSlots
FN:29,removeWhiteSlots
FN:42,queryAllWhiteSlots
FN:61,checkSlotWhite
FN:67,_getManager
FN:69,onlyManagerOnSlot
FNF:7
FNH:1
FNDA:5,constructor
FNDA:0,addWhiteSlots
FNDA:0,removeWhiteSlots
FNDA:0,queryAllWhiteSlots
FNDA:0,checkSlotWhite
FNDA:0,_getManager
FNDA:0,onlyManagerOnSlot
DA:10,5
DA:11,5
DA:16,0
DA:17,0
DA:18,0
DA:19,0
DA:21,0
DA:22,0
DA:24,0
DA:30,0
DA:31,0
DA:32,0
DA:33,0
DA:35,0
DA:37,0
DA:43,0
DA:45,0
DA:46,0
DA:47,0
DA:50,0
DA:52,0
DA:53,0
DA:54,0
DA:57,0
DA:62,0
DA:70,0
DA:71,0
LF:27
LH:2
BRDA:15,1,0,0
BRDA:15,1,1,0
BRDA:19,2,0,0
BRDA:19,2,1,0
BRDA:29,3,0,0
BRDA:29,3,1,0
BRDA:33,4,0,0
BRDA:33,4,1,0
BRDA:47,5,0,0
BRDA:47,5,1,0
BRDA:54,6,0,0
BRDA:54,6,1,0
BRDA:70,7,0,0
BRDA:70,7,1,0
BRF:14
BRH:0
end_of_record
TN:
SF:/Users/kasoqian/Desktop/car/contracts/modules/Subscription.sol
FN:16,setSubConfig
FN:21,extendTokenSubscription
FN:33,revokeTokenSubscription
FN:40,hasExpired
FN:45,tokenExpiration
FN:54,_hasExpired
FN:60,_getManager
FN:61,_ownerOf
FN:64,onlyManagerOnSub
FNF:9
FNH:0
FNDA:0,setSubConfig
FNDA:0,extendTokenSubscription
FNDA:0,revokeTokenSubscription
FNDA:0,hasExpired
FNDA:0,tokenExpiration
FNDA:0,_hasExpired
FNDA:0,_getManager
FNDA:0,_ownerOf
FNDA:0,onlyManagerOnSub
DA:17,0
DA:22,0
DA:23,0
DA:25,0
DA:27,0
DA:29,0
DA:34,0
DA:35,0
DA:36,0
DA:41,0
DA:46,0
DA:55,0
DA:65,0
DA:66,0
LF:14
LH:0
BRDA:16,1,0,0
BRDA:16,1,1,0
BRDA:25,2,0,0
BRDA:25,2,1,0
BRDA:27,3,0,0
BRDA:27,3,1,0
BRDA:34,4,0,0
BRDA:34,4,1,0
BRDA:65,5,0,0
BRDA:65,5,1,0
BRF:10
BRH:0
end_of_record
TN:
SF:/Users/kasoqian/Desktop/car/contracts/modules/Vault.sol
FN:24,deposit
FN:32,unDeposit
FN:41,adminClaim
FN:46,adminClaim
FN:52,_addToken
FN:68,_deleteToken
FN:73,_checkState
FN:76,_superAdmin
FN:78,onlySuperAdmin
FNF:9
FNH:0
FNDA:0,deposit
FNDA:0,unDeposit
FNDA:0,adminClaim
FNDA:0,adminClaim
FNDA:0,_addToken
FNDA:0,_deleteToken
FNDA:0,_checkState
FNDA:0,_superAdmin
FNDA:0,onlySuperAdmin
DA:25,0
DA:26,0
DA:27,0
DA:28,0
DA:33,0
DA:34,0
DA:35,0
DA:36,0
DA:37,0
DA:42,0
DA:47,0
DA:48,0
DA:58,0
DA:59,0
DA:60,0
DA:61,0
DA:62,0
DA:63,0
DA:64,0
DA:69,0
DA:79,0
DA:80,0
LF:22
LH:0
BRDA:34,1,0,0
BRDA:34,1,1,0
BRDA:41,2,0,0
BRDA:41,2,1,0
BRDA:46,3,0,0
BRDA:46,3,1,0
BRDA:79,4,0,0
BRDA:79,4,1,0
BRF:8
BRH:0
end_of_record
